TN:
SF:/usr/include/c++/4.8/iostream
DA:74,6
LF:1
LH:1
end_of_record
SF:/media/psf/Home/Documents/compile/myCpp/proj4/lex.yy.c
FN:681,_Z5yylexv
FN:1068,_ZL18yy_get_next_bufferv
FN:1202,_ZL21yy_get_previous_statev
FN:1234,_ZL16yy_try_NUL_transi
FN:1257,_ZL7yyunputiPc
FN:1296,_ZL7yyinputv
FN:1373,_Z9yyrestartP8_IO_FILE
FN:1390,_Z19yy_switch_to_bufferP15yy_buffer_state
FN:1421,_ZL20yy_load_buffer_statev
FN:1435,_Z16yy_create_bufferP8_IO_FILEi
FN:1463,_Z16yy_delete_bufferP15yy_buffer_state
FN:1486,_ZL14yy_init_bufferP15yy_buffer_stateP8_IO_FILE
FN:1514,_Z15yy_flush_bufferP15yy_buffer_state
FN:1543,_Z19yypush_buffer_stateP15yy_buffer_state
FN:1573,_Z18yypop_buffer_statev
FN:1592,_ZL21yyensure_buffer_stackv
FN:1641,_Z14yy_scan_bufferPcm
FN:1678,_Z14yy_scan_stringPKc
FN:1691,_Z13yy_scan_bytesPKci
FN:1725,_ZL14yy_fatal_errorPKc
FN:1753,_Z12yyget_linenov
FN:1762,_Z8yyget_inv
FN:1770,_Z9yyget_outv
FN:1778,_Z10yyget_lengv
FN:1787,_Z10yyget_textv
FN:1796,_Z12yyset_linenoi
FN:1808,_Z8yyset_inP8_IO_FILE
FN:1813,_Z9yyset_outP8_IO_FILE
FN:1818,_Z11yyget_debugv
FN:1823,_Z11yyset_debugi
FN:1828,_ZL15yy_init_globalsv
FN:1857,_Z13yylex_destroyv
FN:1902,_Z7yyallocm
FN:1907,_Z9yyreallocPvm
FN:1919,_Z6yyfreePv
FNDA:445,_Z5yylexv
FNDA:9,_ZL18yy_get_next_bufferv
FNDA:7,_ZL21yy_get_previous_statev
FNDA:0,_ZL16yy_try_NUL_transi
FNDA:0,_ZL7yyunputiPc
FNDA:0,_ZL7yyinputv
FNDA:2,_Z9yyrestartP8_IO_FILE
FNDA:0,_Z19yy_switch_to_bufferP15yy_buffer_state
FNDA:10,_ZL20yy_load_buffer_statev
FNDA:6,_Z16yy_create_bufferP8_IO_FILEi
FNDA:2,_Z16yy_delete_bufferP15yy_buffer_state
FNDA:8,_ZL14yy_init_bufferP15yy_buffer_stateP8_IO_FILE
FNDA:8,_Z15yy_flush_bufferP15yy_buffer_state
FNDA:0,_Z19yypush_buffer_stateP15yy_buffer_state
FNDA:2,_Z18yypop_buffer_statev
FNDA:6,_ZL21yyensure_buffer_stackv
FNDA:0,_Z14yy_scan_bufferPcm
FNDA:0,_Z14yy_scan_stringPKc
FNDA:0,_Z13yy_scan_bytesPKci
FNDA:0,_ZL14yy_fatal_errorPKc
FNDA:0,_Z12yyget_linenov
FNDA:0,_Z8yyget_inv
FNDA:0,_Z9yyget_outv
FNDA:0,_Z10yyget_lengv
FNDA:0,_Z10yyget_textv
FNDA:0,_Z12yyset_linenoi
FNDA:0,_Z8yyset_inP8_IO_FILE
FNDA:0,_Z9yyset_outP8_IO_FILE
FNDA:0,_Z11yyget_debugv
FNDA:0,_Z11yyset_debugi
FNDA:2,_ZL15yy_init_globalsv
FNDA:2,_Z13yylex_destroyv
FNDA:18,_Z7yyallocm
FNDA:0,_Z9yyreallocPvm
FNDA:6,_Z6yyfreePv
FNF:35
FNH:15
DA:681,445
DA:692,445
DA:694,6
DA:700,6
DA:701,6
DA:703,6
DA:704,6
DA:706,6
DA:707,6
DA:709,6
DA:710,6
DA:711,6
DA:712,6
DA:715,6
DA:720,720
DA:723,720
DA:728,720
DA:730,720
DA:732,1341
DA:734,1341
DA:735,1341
DA:737,608
DA:738,608
DA:740,3274
DA:742,592
DA:743,592
DA:744,368
DA:746,1341
DA:747,1341
DA:749,1341
DA:752,727
DA:753,727
DA:755,224
DA:756,224
DA:757,224
DA:760,727
DA:764,729
DA:768,0
DA:769,0
DA:770,0
DA:771,0
DA:930,2
DA:935,9
DA:938,9
DA:941,9
DA:952,6
DA:953,6
DA:954,6
DA:964,9
DA:968,0
DA:970,0
DA:981,0
DA:983,0
DA:985,0
DA:988,0
DA:989,0
DA:990,0
DA:995,0
DA:996,0
DA:1000,9
DA:1004,2
DA:1006,2
DA:1017,2
DA:1019,2
DA:1020,2
DA:1025,0
DA:1026,0
DA:1028,0
DA:1033,6
DA:1035,6
DA:1037,6
DA:1038,6
DA:1039,6
DA:1043,1
DA:1045,1
DA:1047,1
DA:1048,1
DA:1049,1
DA:1051,0
DA:1056,0
DA:1058,275
DA:1068,9
DA:1070,9
DA:1071,9
DA:1075,9
DA:1077,0
DA:1079,9
DA:1081,0
DA:1086,0
DA:1094,0
DA:1101,9
DA:1103,12
DA:1104,3
DA:1106,9
DA:1110,1
DA:1115,8
DA:1117,16
DA:1121,0
DA:1124,0
DA:1126,0
DA:1128,0
DA:1130,0
DA:1131,0
DA:1133,0
DA:1137,0
DA:1141,0
DA:1143,0
DA:1145,0
DA:1147,0
DA:1149,0
DA:1150,0
DA:1154,8
DA:1155,8
DA:1158,8
DA:1161,8
DA:1164,9
DA:1166,3
DA:1168,2
DA:1169,2
DA:1174,1
DA:1175,1
DA:1176,1
DA:1181,6
DA:1183,9
DA:1185,0
DA:1186,0
DA:1187,0
DA:1188,0
DA:1191,9
DA:1192,9
DA:1193,9
DA:1195,9
DA:1197,9
DA:1202,7
DA:1207,7
DA:1209,10
DA:1211,3
DA:1212,3
DA:1214,2
DA:1215,2
DA:1217,6
DA:1219,0
DA:1220,0
DA:1221,0
DA:1223,3
DA:1226,7
DA:1234,0
DA:1237,0
DA:1239,0
DA:1240,0
DA:1242,0
DA:1243,0
DA:1245,0
DA:1247,0
DA:1248,0
DA:1249,0
DA:1251,0
DA:1252,0
DA:1254,0
DA:1257,0
DA:1261,0
DA:1264,0
DA:1266,0
DA:1269,0
DA:1270,0
DA:1271,0
DA:1273,0
DA:1275,0
DA:1276,0
DA:1278,0
DA:1279,0
DA:1280,0
DA:1281,0
DA:1283,0
DA:1284,0
DA:1287,0
DA:1289,0
DA:1290,0
DA:1291,0
DA:1292,0
DA:1296,0
DA:1304,0
DA:1306,0
DA:1312,0
DA:1314,0
DA:1318,0
DA:1319,0
DA:1321,0
DA:1335,0
DA:1341,0
DA:1342,0
DA:1344,0
DA:1345,0
DA:1347,0
DA:1354,0
DA:1355,0
DA:1360,0
DA:1361,0
DA:1362,0
DA:1364,0
DA:1373,2
DA:1376,2
DA:1377,0
DA:1378,0
DA:1379,0
DA:1382,2
DA:1383,2
DA:1384,2
DA:1390,0
DA:1398,0
DA:1399,0
DA:1400,0
DA:1402,0
DA:1405,0
DA:1406,0
DA:1407,0
DA:1410,0
DA:1411,0
DA:1418,0
DA:1421,10
DA:1423,10
DA:1424,10
DA:1425,10
DA:1426,10
DA:1427,10
DA:1435,6
DA:1439,6
DA:1440,6
DA:1441,0
DA:1443,6
DA:1448,6
DA:1449,6
DA:1450,0
DA:1452,6
DA:1454,6
DA:1456,6
DA:1463,2
DA:1466,2
DA:1467,2
DA:1469,2
DA:1470,2
DA:1472,2
DA:1473,2
DA:1475,2
DA:1486,8
DA:1489,8
DA:1491,8
DA:1493,8
DA:1494,8
DA:1500,8
DA:1501,6
DA:1502,6
DA:1505,8
DA:1507,8
DA:1508,8
DA:1514,8
DA:1516,8
DA:1517,8
DA:1519,8
DA:1525,8
DA:1526,8
DA:1528,8
DA:1530,8
DA:1531,8
DA:1533,8
DA:1534,2
DA:1543,0
DA:1545,0
DA:1546,0
DA:1548,0
DA:1551,0
DA:1554,0
DA:1555,0
DA:1556,0
DA:1560,0
DA:1561,0
DA:1562,0
DA:1565,0
DA:1566,0
DA:1573,2
DA:1575,2
DA:1576,4
DA:1578,0
DA:1579,0
DA:1580,0
DA:1581,0
DA:1583,0
DA:1584,0
DA:1585,0
DA:1592,6
DA:1596,6
DA:1602,6
DA:1605,6
DA:1606,6
DA:1607,0
DA:1609,6
DA:1611,6
DA:1612,6
DA:1613,12
DA:1616,0
DA:1619,0
DA:1621,0
DA:1625,0
DA:1626,0
DA:1627,0
DA:1630,0
DA:1631,0
DA:1641,0
DA:1645,0
DA:1646,0
DA:1647,0
DA:1649,0
DA:1651,0
DA:1652,0
DA:1653,0
DA:1655,0
DA:1656,0
DA:1657,0
DA:1658,0
DA:1659,0
DA:1660,0
DA:1661,0
DA:1662,0
DA:1663,0
DA:1665,0
DA:1667,0
DA:1678,0
DA:1681,0
DA:1691,0
DA:1699,0
DA:1700,0
DA:1701,0
DA:1702,0
DA:1704,0
DA:1705,0
DA:1707,0
DA:1709,0
DA:1710,0
DA:1711,0
DA:1716,0
DA:1718,0
DA:1725,0
DA:1727,0
DA:1728,0
DA:1753,0
DA:1756,0
DA:1762,0
DA:1764,0
DA:1770,0
DA:1772,0
DA:1778,0
DA:1780,0
DA:1787,0
DA:1789,0
DA:1796,0
DA:1799,0
DA:1800,0
DA:1808,0
DA:1810,0
DA:1811,0
DA:1813,0
DA:1815,0
DA:1816,0
DA:1818,0
DA:1820,0
DA:1823,0
DA:1825,0
DA:1826,0
DA:1828,2
DA:1834,2
DA:1835,2
DA:1836,2
DA:1837,2
DA:1838,2
DA:1839,2
DA:1846,2
DA:1847,2
DA:1853,2
DA:1857,2
DA:1861,6
DA:1862,2
DA:1863,2
DA:1864,2
DA:1868,2
DA:1869,2
DA:1873,2
DA:1875,2
DA:1902,18
DA:1904,18
DA:1907,0
DA:1916,0
DA:1919,6
DA:1921,6
DA:1922,6
LF:394
LH:188
end_of_record
SF:/media/psf/Home/Documents/compile/myCpp/proj4/scan.l
FN:55,yywrap
FN:58,_Z41__static_initialization_and_destruction_0ii
FN:58,_GLOBAL__sub_I_yyleng
FNDA:2,yywrap
FNDA:6,_GLOBAL__sub_I_yyleng
FNDA:6,_Z41__static_initialization_and_destruction_0ii
FNF:3
FNH:3
DA:16,4
DA:17,15
DA:18,21
DA:19,25
DA:20,3
DA:21,3
DA:22,4
DA:23,39
DA:24,38
DA:25,22
DA:26,9
DA:27,2
DA:28,1
DA:29,1
DA:30,2
DA:31,1
DA:32,4
DA:33,12
DA:34,10
DA:35,10
DA:36,4
DA:37,15
DA:38,4
DA:40,96
DA:43,7
DA:46,37
DA:49,0
DA:51,275
DA:55,2
DA:56,2
DA:57,2
DA:58,18
LF:32
LH:31
end_of_record
TN:
SF:/usr/include/c++/4.8/bits/basic_ios.h
FN:46,_ZSt13__check_facetISt5ctypeIcEERKT_PS3_
FNDA:0,_ZSt13__check_facetISt5ctypeIcEERKT_PS3_
FNF:1
FNH:0
DA:46,0
DA:48,0
DA:49,0
DA:50,0
LF:4
LH:0
end_of_record
SF:/usr/include/c++/4.8/bits/char_traits.h
FN:258,_ZNSt11char_traitsIcE6lengthEPKc
FNDA:0,_ZNSt11char_traitsIcE6lengthEPKc
FNF:1
FNH:0
DA:258,0
DA:259,0
LF:2
LH:0
end_of_record
SF:/usr/include/c++/4.8/bits/ios_base.h
FN:157,_ZStorSt12_Ios_IostateS_
FNDA:0,_ZStorSt12_Ios_IostateS_
FNF:1
FNH:0
DA:157,0
DA:158,0
LF:2
LH:0
end_of_record
SF:/usr/include/c++/4.8/bits/locale_facets.h
FN:865,_ZNKSt5ctypeIcE5widenEc
FNDA:0,_ZNKSt5ctypeIcE5widenEc
FNF:1
FNH:0
DA:865,0
DA:867,0
DA:868,0
DA:869,0
DA:870,0
LF:5
LH:0
end_of_record
SF:/usr/include/c++/4.8/iostream
DA:74,6
LF:1
LH:1
end_of_record
SF:/media/psf/Home/Documents/compile/myCpp/proj4/main.cpp
FN:5,main
FN:13,_Z41__static_initialization_and_destruction_0ii
FN:13,_GLOBAL__sub_I_main
FNDA:6,main
FNDA:6,_GLOBAL__sub_I_main
FNDA:6,_Z41__static_initialization_and_destruction_0ii
FNF:3
FNH:3
DA:5,6
DA:6,6
DA:7,5
DA:10,1
DA:12,1
DA:13,18
LF:6
LH:6
end_of_record
TN:
SF:/usr/include/c++/4.8/bits/basic_ios.h
FN:46,_ZSt13__check_facetISt5ctypeIcEERKT_PS3_
FNDA:0,_ZSt13__check_facetISt5ctypeIcEERKT_PS3_
FNF:1
FNH:0
DA:46,0
DA:48,0
DA:49,0
DA:50,0
LF:4
LH:0
end_of_record
SF:/usr/include/c++/4.8/bits/char_traits.h
FN:258,_ZNSt11char_traitsIcE6lengthEPKc
FNDA:0,_ZNSt11char_traitsIcE6lengthEPKc
FNF:1
FNH:0
DA:258,0
DA:259,0
LF:2
LH:0
end_of_record
SF:/usr/include/c++/4.8/bits/ios_base.h
FN:157,_ZStorSt12_Ios_IostateS_
FNDA:0,_ZStorSt12_Ios_IostateS_
FNF:1
FNH:0
DA:157,0
DA:158,0
LF:2
LH:0
end_of_record
SF:/usr/include/c++/4.8/bits/locale_facets.h
FN:865,_ZNKSt5ctypeIcE5widenEc
FNDA:0,_ZNKSt5ctypeIcE5widenEc
FNF:1
FNH:0
DA:865,0
DA:867,0
DA:868,0
DA:869,0
DA:870,0
LF:5
LH:0
end_of_record
SF:/usr/include/c++/4.8/iostream
DA:74,6
LF:1
LH:1
end_of_record
SF:/media/psf/Home/Documents/compile/myCpp/proj4/parse.tab.c
FN:1025,_ZL10yydestructPKciPi
FN:1054,_Z7yyparsev
FNDA:63,_ZL10yydestructPKciPi
FNDA:6,_Z7yyparsev
FNF:2
FNH:2
DA:1025,63
DA:1028,63
DA:1029,0
DA:1035,63
DA:1054,6
DA:1082,6
DA:1098,6
DA:1100,6
DA:1101,6
DA:1102,6
DA:1106,6
DA:1107,6
DA:1108,6
DA:1109,6
DA:1110,6
DA:1118,790
DA:1121,796
DA:1123,796
DA:1126,0
DA:1153,0
DA:1154,0
DA:1155,0
DA:1156,0
DA:1157,0
DA:1160,0
DA:1162,0
DA:1163,0
DA:1164,0
DA:1165,0
DA:1166,0
DA:1168,0
DA:1169,0
DA:1174,0
DA:1175,0
DA:1180,0
DA:1181,0
DA:1186,796
DA:1187,1
DA:1189,795
DA:1200,795
DA:1201,795
DA:1202,185
DA:1207,610
DA:1210,445
DA:1213,610
DA:1215,3
DA:1220,607
DA:1226,610
DA:1227,610
DA:1229,440
DA:1230,440
DA:1234,0
DA:1235,0
DA:1240,440
DA:1241,0
DA:1247,440
DA:1249,440
DA:1251,440
DA:1254,440
DA:1261,355
DA:1262,355
DA:1263,5
DA:1264,350
DA:1272,350
DA:1282,350
DA:1286,350
DA:1292,14
DA:1298,6
DA:1304,5
DA:1310,9
DA:1316,8
DA:1322,2
DA:1328,7
DA:1334,8
DA:1340,8
DA:1346,2
DA:1352,7
DA:1358,1
DA:1364,22
DA:1370,10
DA:1376,9
DA:1382,17
DA:1388,9
DA:1394,1
DA:1400,13
DA:1406,1
DA:1412,4
DA:1418,4
DA:1424,19
DA:1430,9
DA:1436,2
DA:1442,4
DA:1448,3
DA:1454,4
DA:1460,2
DA:1466,1
DA:1472,1
DA:1478,2
DA:1484,4
DA:1490,1
DA:1496,16
DA:1502,37
DA:1508,7
DA:1514,45
DA:1520,7
DA:1526,19
DA:1530,0
DA:1545,350
DA:1546,350
DA:1549,350
DA:1555,350
DA:1557,350
DA:1558,350
DA:1559,242
DA:1561,108
DA:1563,350
DA:1572,5
DA:1575,5
DA:1577,5
DA:1579,5
DA:1616,5
DA:1621,0
DA:1624,0
DA:1625,0
DA:1630,0
DA:1631,0
DA:1637,5
DA:1664,5
DA:1668,61
DA:1669,61
DA:1671,56
DA:1672,56
DA:1674,0
DA:1675,0
DA:1676,0
DA:1681,61
DA:1682,5
DA:1686,56
DA:1687,56
DA:1688,56
DA:1693,0
DA:1700,0
DA:1701,0
DA:1708,1
DA:1709,1
DA:1715,5
DA:1716,5
DA:1723,0
DA:1724,0
DA:1729,6
DA:1733,5
DA:1735,5
DA:1739,6
DA:1741,14
DA:1744,2
DA:1745,2
DA:1748,6
DA:1749,0
DA:1755,62
LF:159
LH:122
end_of_record
SF:/media/psf/Home/Documents/compile/myCpp/proj4/parse.y
FN:96,_Z7yyerrorPKc
FN:98,_Z41__static_initialization_and_destruction_0ii
FN:98,_GLOBAL__sub_I_yychar
FNDA:5,_Z7yyerrorPKc
FNDA:6,_GLOBAL__sub_I_yychar
FNDA:6,_Z41__static_initialization_and_destruction_0ii
FNF:3
FNH:3
DA:33,14
DA:34,6
DA:37,5
DA:38,9
DA:41,8
DA:42,2
DA:45,7
DA:46,8
DA:49,8
DA:53,2
DA:54,7
DA:55,1
DA:58,22
DA:59,10
DA:60,9
DA:61,17
DA:65,9
DA:66,1
DA:69,13
DA:70,1
DA:71,4
DA:72,4
DA:75,19
DA:76,9
DA:77,2
DA:78,4
DA:79,3
DA:80,4
DA:81,2
DA:82,1
DA:83,1
DA:84,2
DA:85,4
DA:86,1
DA:87,16
DA:88,37
DA:89,7
DA:90,45
DA:91,7
DA:92,19
DA:96,5
DA:97,5
DA:98,23
LF:43
LH:43
end_of_record
